<?xml version="1.0" encoding="UTF-8"?>
<!-- Generated by org.testng.reporters.JUnitReportReporter -->
<testsuite hostname="Ayazs-MacBook-Air.local" failures="0" tests="3" name="testNG.TestNGExample" time="19.361" errors="0" timestamp="2023-01-29T22:08:32 IST" skipped="0">
  <testcase classname="testNG.TestNGExample" name="atTest3" time="3.897"/>
  <system-out/>
  <testcase classname="testNG.TestNGExample" name="atTest1" time="6.121"/>
  <system-out/>
  <testcase classname="testNG.TestNGExample" name="atTest2" time="9.343"/>
  <system-out/>
</testsuite> <!-- testNG.TestNGExample -->
