<?xml version="1.0" encoding="UTF-8"?>
<!-- Generated by org.testng.reporters.JUnitReportReporter -->
<testsuite hostname="Ayazs-MacBook-Air.local" failures="0" tests="1" name="testNG.ScrollingDemo" time="20.354" errors="0" timestamp="2023-01-31T12:43:59 IST" skipped="0">
  <testcase classname="testNG.ScrollingDemo" name="actualTest" time="20.354"/>
  <system-out/>
</testsuite> <!-- testNG.ScrollingDemo -->
