<?xml version="1.0" encoding="UTF-8"?>
<!-- Generated by org.testng.reporters.JUnitReportReporter -->
<testsuite hostname="Ayazs-MacBook-Air.local" failures="0" tests="1" name="testNGXMLExample.WebDriverWaitDemo" time="8.944" errors="0" timestamp="2023-01-30T00:43:19 IST" skipped="0">
  <testcase classname="testNGXMLExample.WebDriverWaitDemo" name="actualTest" time="8.944"/>
  <system-out>
    <![CDATA[Hello World!]]>
  </system-out>
</testsuite> <!-- testNGXMLExample.WebDriverWaitDemo -->
