<?xml version="1.0" encoding="UTF-8"?>
<!-- Generated by org.testng.reporters.JUnitReportReporter -->
<testsuite hostname="Ayazs-MacBook-Air.local" failures="0" tests="3" name="testNG.AnnotationsExample2" time="0.006" errors="0" timestamp="2023-01-18T16:22:42 IST" skipped="0">
  <testcase classname="testNG.AnnotationsExample2" name="atTest2" time="0.001"/>
  <system-out/>
  <testcase classname="testNG.AnnotationsExample2" name="atTest1" time="0.002"/>
  <system-out/>
  <testcase classname="testNG.AnnotationsExample2" name="atTest3" time="0.003"/>
  <system-out/>
</testsuite> <!-- testNG.AnnotationsExample2 -->
