<?xml version="1.0" encoding="UTF-8"?>
<!-- Generated by org.testng.reporters.JUnitReportReporter -->
<testsuite hostname="Ayazs-MacBook-Air.local" failures="0" tests="1" name="testNG.TestNGAssertionsExample" time="3.833" errors="0" timestamp="2023-01-31T12:51:16 IST" skipped="0">
  <testcase classname="testNG.TestNGAssertionsExample" name="actualTest" time="3.833"/>
  <system-out/>
</testsuite> <!-- testNG.TestNGAssertionsExample -->
