<?xml version="1.0" encoding="UTF-8"?>
<!-- Generated by org.testng.reporters.JUnitReportReporter -->
<testsuite hostname="Ayazs-MacBook-Air.local" failures="0" tests="3" name="testNG.TestNGExample" time="7.906" errors="0" timestamp="2023-01-18T16:33:21 IST" skipped="1">
  <testcase classname="testNG.TestNGExample" name="atTest3" time="2.924"/>
  <system-out/>
  <testcase classname="testNG.TestNGExample" name="atTest1" time="4.982"/>
  <system-out/>
  <testcase classname="testNG.TestNGExample" name="atTest2">
    <skipped/>
  </testcase> <!-- atTest2 -->
  <system-out/>
</testsuite> <!-- testNG.TestNGExample -->
