<?xml version="1.0" encoding="UTF-8"?>
<!-- Generated by org.testng.reporters.JUnitReportReporter -->
<testsuite hostname="Ayazs-MacBook-Air.local" failures="0" tests="1" name="testNG.AnnotationsExample" time="0.003" errors="0" timestamp="2023-01-18T16:11:12 IST" skipped="0">
  <testcase classname="testNG.AnnotationsExample" name="atTest" time="0.003"/>
  <system-out/>
</testsuite> <!-- testNG.AnnotationsExample -->
