<?xml version="1.0" encoding="UTF-8"?>
<!-- Generated by org.testng.reporters.JUnitReportReporter -->
<testsuite hostname="Ayazs-MacBook-Air.local" failures="0" tests="1" name="testNG.SSLHandlingDemo" time="2.069" errors="0" timestamp="2023-01-30T12:08:37 IST" skipped="0">
  <testcase classname="testNG.SSLHandlingDemo" name="actualTest" time="2.069"/>
  <system-out/>
</testsuite> <!-- testNG.SSLHandlingDemo -->
