<?xml version="1.0" encoding="UTF-8"?>
<!-- Generated by org.testng.reporters.JUnitReportReporter -->
<testsuite hostname="Ayazs-MacBook-Air.local" failures="0" tests="1" name="testNG.ScrollingDemo" time="19.376" errors="0" timestamp="2023-01-30T14:17:07 IST" skipped="0">
  <testcase classname="testNG.ScrollingDemo" name="actualTest" time="19.376"/>
  <system-out/>
</testsuite> <!-- testNG.ScrollingDemo -->
