<?xml version="1.0" encoding="UTF-8"?>
<!-- Generated by org.testng.reporters.JUnitReportReporter -->
<testsuite hostname="Ayazs-MacBook-Air.local" failures="0" tests="1" name="testNG.HandleCookieDemo" time="7.850" errors="0" timestamp="2023-01-30T13:05:07 IST" skipped="0">
  <testcase classname="testNG.HandleCookieDemo" name="actualTest" time="7.850"/>
  <system-out/>
</testsuite> <!-- testNG.HandleCookieDemo -->
