<?xml version="1.0" encoding="UTF-8"?>
<!-- Generated by org.testng.reporters.JUnitReportReporter -->
<testsuite hostname="Ayazs-MacBook-Air.local" failures="0" tests="1" name="testNG.HeadlessBrowerDemo" time="3.048" errors="0" timestamp="2023-01-30T12:47:14 IST" skipped="0">
  <testcase classname="testNG.HeadlessBrowerDemo" name="actualTest" time="3.048"/>
  <system-out/>
</testsuite> <!-- testNG.HeadlessBrowerDemo -->
