<?xml version="1.0" encoding="UTF-8"?>
<!-- Generated by org.testng.reporters.JUnitReportReporter -->
<testsuite hostname="Ayazs-MacBook-Air.local" failures="0" tests="1" name="testNG.HeadlessDemo1" time="2.914" errors="0" timestamp="2023-01-30T12:54:51 IST" skipped="0">
  <testcase classname="testNG.HeadlessDemo1" name="actualTest" time="2.914"/>
  <system-out/>
</testsuite> <!-- testNG.HeadlessDemo1 -->
