<?xml version="1.0" encoding="UTF-8"?>
<!-- Generated by org.testng.reporters.JUnitReportReporter -->
<testsuite hostname="Ayazs-MacBook-Air.local" failures="0" tests="1" name="testNGXMLExample.Google" time="8.107" errors="0" timestamp="2023-01-29T23:24:39 IST" skipped="0">
  <testcase classname="testNGXMLExample.Google" name="actualTest" time="8.107"/>
  <system-out/>
</testsuite> <!-- testNGXMLExample.Google -->
