<?xml version="1.0" encoding="UTF-8"?>
<!-- Generated by org.testng.reporters.JUnitReportReporter -->
<testsuite hostname="Ayazs-MacBook-Air.local" failures="0" tests="1" name="testNG.FirstTestNGExample" time="1.937" errors="0" timestamp="2023-01-18T16:02:20 IST" skipped="0">
  <testcase classname="testNG.FirstTestNGExample" name="actualTest" time="1.937"/>
  <system-out/>
</testsuite> <!-- testNG.FirstTestNGExample -->
