<?xml version="1.0" encoding="UTF-8"?>
<!-- Generated by org.testng.reporters.JUnitReportReporter -->
<testsuite hostname="Ayazs-MacBook-Air.local" failures="0" tests="1" name="testNG.IFrameHandlingExample" time="8.312" errors="0" timestamp="2023-01-30T11:35:57 IST" skipped="0">
  <testcase classname="testNG.IFrameHandlingExample" name="actualTest" time="8.312"/>
  <system-out/>
</testsuite> <!-- testNG.IFrameHandlingExample -->
