<?xml version="1.0" encoding="UTF-8"?>
<!-- Generated by org.testng.reporters.JUnitReportReporter -->
<testsuite hostname="Ayazs-MacBook-Air.local" failures="0" tests="1" name="testNG.TakeScreenshotDemo" time="39.841" errors="0" timestamp="2023-01-30T13:24:59 IST" skipped="0">
  <testcase classname="testNG.TakeScreenshotDemo" name="actualTest" time="39.841"/>
  <system-out/>
</testsuite> <!-- testNG.TakeScreenshotDemo -->
